

PUMP

Bolus History
LAST 8:59P 0.1N
CH: 5 BG: 97
04Jan  8:40P 4.8N
  CH: 63 BG:---
04Jan  5:20P 1.2N
  CH:  0 BG:230
04Jan  4:11P 0.4N
  CH:  0 BG:249
04Jan  3:23P 1.5N
  CH:  0 BG:277
04Jan  1:58P 2.6N
  CH: 35 BG:---
04Jan  1:31P 0.3N
  CH:  0 BG:228
04Jan 12:59P  0.6N
  CH:  8 BG:217
04Jan 12:57P  1.5N
  CH:  0 BG:217
04Jan  9:19A  2.9DS
  CH: 75 BG:144
04Jan  9:17A  2.8DW
  CH: 75 BG:144
04Jan  9:16A  0.6N
  CH:  0:BG:144
04Jan  4:27A  3.5N
  CH:  0 BG:293
04Jan  1:03A  3.2N
  CH: 42 BG:---
04Jan  1:25A  3.0N
  CH: 40 BG:154
04Jan  1:09A  1.6N
  CH:  0 BG:189

03Jan  6:33P  0.6N
  CH:  8 BG:141
03Jan 6:29P  2.9N
  CH: 35 BG:141
03Jan  5:17P 0.1N
  CH:  0 BG:170
03Jan  3:59P 0.2N
  CH:  0 BG:226
03Jan  3:36P 0.5N
  CH:  0 BG:227
03Jan  3:25P 0.4N
  CH:  0 BG:217
03Jan  2:26P 1.8N
  CH: 0 BG:224

Daily Totals
Today 51.55U
03Jan   32.00U
02Jan   39.60U
01Jan   40.60U
31Dec   39.55U
30Dec   43.80U
29Dec   32.40U
28Dec   38.20U
27Dec   57.65U
26Dec   28.65U
25Dec   28.65U
24Dec * 26.05U
23Dec   27.65U
22Dec   36.50U
21Dec   29.30U
20Dec   40.50U
19Dec   35.10U
18Dec   35.45U
17Dec   36.40U
16Dec   35.30U
15Dec   42.95U
14Dec   35.30U
13Dec   25.70U
12Dec   31.65U
11Dec   31.25U
10Dec   45.80U
09Dec   37.85U
08Dec   32.80U
07Dec   45.20U
06Dec   43.90U
05Dec   46.34U
04Dec   34.30U




