2011-01-05 11:01PM 121
2011-01-05 09:47PM 118
2011-01-05 09:04PM  86
2011-01-05 07:41PM 164  #
2011-01-05 07:02PM 210  # eat big burrito - 80 carbohydrates
2011-01-05 06:39PM 180  # reduce temp basal to .85 (normal or .95U)
2011-01-05 05:49PM 184
2011-01-05 04:53PM 244  # pump suggested correction + a little bit
2011-01-05 04:19PM 264  # pump suggested correction + a little bit
2011-01-05 03:31PM 270  # pump suggested correction + a little bit
                        # 20 carbohydrate snack
2011-01-05 02:29PM 277
2011-01-05 01:59PM 241  # Follow all pump suggested corrections
                        # temp ~4h temp basal - 1.01U
2011-01-05 12:13PM 149  # Ate "Tai chin" beef pho ~ 45 carbohydrates?
2011-01-05 11:21AM 129  # Ate breakfast - ~75 carbohydrates
2011-01-05 10:54AM 142  # Set temp basal ~ 1.0U? need better notes
2011-01-05 06:40AM 185
2011-01-05 03:54AM  56
2011-01-05 03:50AM  58
2011-01-05 03:46AM  57
2011-01-05 03:40AM  42  # basal set at .85
2011-01-05 12:49AM 178  # pump suggested correction bolus




